2022-11-05 09:00:12,930 [INFO] Activator:177 - 


2022-11-05 09:00:12,933 [INFO] Activator:178 - !SESSION log4j initialized
2022-11-05 09:00:30,107 [INFO] McuFinderGlobals:39 - Set McuFinder mode to 2 (CubeIDE integrated)
2022-11-05 09:00:30,457 [INFO] ApplicationProperties:181 - Using Application install path: C:\ST\STM32CubeIDE_1.7.0\STM32CubeIDE\plugins\com.st.stm32cube.common.mx_6.3.0.202107141111
2022-11-05 09:00:30,477 [INFO] DbMcusXml:74 - Set database path to: C:\ST\STM32CubeIDE_1.7.0\STM32CubeIDE\plugins\com.st.stm32cube.common.mx_6.3.0.202107141111\\db\/mcu/
2022-11-05 09:00:30,484 [INFO] DbBoardsPdsc:56 - Set plugin database path to: C:\ST\STM32CubeIDE_1.7.0\STM32CubeIDE\plugins\com.st.stm32cube.common.mx_6.3.0.202107141111\\db\/plugins/boardmanager/
2022-11-05 09:00:30,486 [INFO] DbMcus:258 - Set plugin images path to: C:\ST\STM32CubeIDE_1.7.0\STM32CubeIDE\plugins\com.st.stm32cube.common.mx_6.3.0.202107141111\\db\/plugins/mcufinder/images/
2022-11-05 09:00:30,486 [INFO] DbBoards:264 - Set plugin images path to: C:\ST\STM32CubeIDE_1.7.0\STM32CubeIDE\plugins\com.st.stm32cube.common.mx_6.3.0.202107141111\\db\/plugins/mcufinder/images/
2022-11-05 09:00:30,490 [INFO] DbExamples:333 - Set plugin images path to: C:\ST\STM32CubeIDE_1.7.0\STM32CubeIDE\plugins\com.st.stm32cube.common.mx_6.3.0.202107141111\\db\/plugins/mcufinder/images/
2022-11-05 09:00:30,506 [INFO] DbMcusAds:119 - Set database path to: C:\Users\ASUS\.stmcufinder\plugins\mcufinder//mcu/
2022-11-05 09:00:30,508 [INFO] DbMcusDocs:110 - Set database path to: C:\Users\ASUS\.stmcufinder\plugins\mcufinder//mcu/
2022-11-05 09:00:30,511 [INFO] DbMcusJson:64 - Set database path to: C:\Users\ASUS\.stmcufinder\plugins\mcufinder//mcu/
2022-11-05 09:00:30,512 [INFO] DbBoardsDocs:110 - Set database path to: C:\Users\ASUS\.stmcufinder\plugins\mcufinder//mcu/
2022-11-05 09:00:30,515 [INFO] DbBoardsJson:57 - Set database path to: C:\Users\ASUS\.stmcufinder\plugins\mcufinder//mcu/
2022-11-05 09:00:30,582 [INFO] CrossReferenceDbSqlite:196 - Set database path to: C:\Users\ASUS\.stmcufinder\plugins\mcufinder//mcu/cs/
2022-11-05 09:00:30,591 [INFO] DbExamplesSqlite:767 - Set database path to: C:\Users\ASUS\.stmcufinder\plugins\mcufinder//mcu/
2022-11-05 09:00:30,752 [INFO] RulesReader:57 - Compatibility file has been processed (242 Rules)
2022-11-05 09:00:31,009 [INFO] DbMcusXml:74 - Set database path to: C:\ST\STM32CubeIDE_1.7.0\STM32CubeIDE\plugins\com.st.stm32cube.common.mx_6.3.0.202107141111\\db\/mcu/
2022-11-05 09:00:31,010 [INFO] DbBoardsPdsc:56 - Set plugin database path to: C:\ST\STM32CubeIDE_1.7.0\STM32CubeIDE\plugins\com.st.stm32cube.common.mx_6.3.0.202107141111\\db\/plugins/boardmanager/
2022-11-05 09:00:31,011 [INFO] DbMcus:258 - Set plugin images path to: C:\ST\STM32CubeIDE_1.7.0\STM32CubeIDE\plugins\com.st.stm32cube.common.mx_6.3.0.202107141111\\db\/plugins/mcufinder/images/
2022-11-05 09:00:31,011 [INFO] DbBoards:264 - Set plugin images path to: C:\ST\STM32CubeIDE_1.7.0\STM32CubeIDE\plugins\com.st.stm32cube.common.mx_6.3.0.202107141111\\db\/plugins/mcufinder/images/
2022-11-05 09:00:31,011 [INFO] DbExamples:333 - Set plugin images path to: C:\ST\STM32CubeIDE_1.7.0\STM32CubeIDE\plugins\com.st.stm32cube.common.mx_6.3.0.202107141111\\db\/plugins/mcufinder/images/
2022-11-05 09:00:31,012 [WARN] DbFile:35 - Overriding database path with different value: C:\Users\ASUS\.stmcufinder\plugins\mcufinder/ => C:\Users\ASUS\.stmcufinder\plugins\mcufinder
2022-11-05 09:00:31,012 [INFO] DbMcusAds:119 - Set database path to: C:\Users\ASUS\.stmcufinder\plugins\mcufinder//mcu/
2022-11-05 09:00:31,012 [WARN] DbFile:35 - Overriding database path with different value: C:\Users\ASUS\.stmcufinder\plugins\mcufinder/ => C:\Users\ASUS\.stmcufinder\plugins\mcufinder
2022-11-05 09:00:31,012 [INFO] DbMcusDocs:110 - Set database path to: C:\Users\ASUS\.stmcufinder\plugins\mcufinder//mcu/
2022-11-05 09:00:31,012 [WARN] DbFile:35 - Overriding database path with different value: C:\Users\ASUS\.stmcufinder\plugins\mcufinder/ => C:\Users\ASUS\.stmcufinder\plugins\mcufinder
2022-11-05 09:00:31,012 [INFO] DbMcusJson:64 - Set database path to: C:\Users\ASUS\.stmcufinder\plugins\mcufinder//mcu/
2022-11-05 09:00:31,013 [WARN] DbFile:35 - Overriding database path with different value: C:\Users\ASUS\.stmcufinder\plugins\mcufinder/ => C:\Users\ASUS\.stmcufinder\plugins\mcufinder
2022-11-05 09:00:31,013 [INFO] DbBoardsDocs:110 - Set database path to: C:\Users\ASUS\.stmcufinder\plugins\mcufinder//mcu/
2022-11-05 09:00:31,013 [WARN] DbFile:35 - Overriding database path with different value: C:\Users\ASUS\.stmcufinder\plugins\mcufinder/ => C:\Users\ASUS\.stmcufinder\plugins\mcufinder
2022-11-05 09:00:31,013 [INFO] DbBoardsJson:57 - Set database path to: C:\Users\ASUS\.stmcufinder\plugins\mcufinder//mcu/
2022-11-05 09:00:31,014 [WARN] DbFile:35 - Overriding database path with different value: C:\Users\ASUS\.stmcufinder\plugins\mcufinder/ => C:\Users\ASUS\.stmcufinder\plugins\mcufinder
2022-11-05 09:00:31,014 [WARN] DbFile:35 - Overriding database path with different value: C:\Users\ASUS\.stmcufinder\plugins\mcufinder/ => C:\Users\ASUS\.stmcufinder\plugins\mcufinder
2022-11-05 09:00:31,014 [INFO] CrossReferenceDbSqlite:196 - Set database path to: C:\Users\ASUS\.stmcufinder\plugins\mcufinder//mcu/cs/
2022-11-05 09:00:31,015 [WARN] DbFile:35 - Overriding database path with different value: C:\Users\ASUS\.stmcufinder\plugins\mcufinder/ => C:\Users\ASUS\.stmcufinder\plugins\mcufinder
2022-11-05 09:00:31,015 [INFO] DbExamplesSqlite:767 - Set database path to: C:\Users\ASUS\.stmcufinder\plugins\mcufinder//mcu/
2022-11-05 09:00:31,175 [INFO] MainPanel:214 - HeapMemory: 268435456
2022-11-05 09:00:31,381 [INFO] DbMcusXml:74 - Set database path to: C:\ST\STM32CubeIDE_1.7.0\STM32CubeIDE\plugins\com.st.stm32cube.common.mx_6.3.0.202107141111\\db\/mcu/
2022-11-05 09:00:31,382 [INFO] DbBoardsPdsc:56 - Set plugin database path to: C:\ST\STM32CubeIDE_1.7.0\STM32CubeIDE\plugins\com.st.stm32cube.common.mx_6.3.0.202107141111\\db\/plugins/boardmanager/
2022-11-05 09:00:31,382 [INFO] DbMcus:258 - Set plugin images path to: C:\ST\STM32CubeIDE_1.7.0\STM32CubeIDE\plugins\com.st.stm32cube.common.mx_6.3.0.202107141111\\db\/plugins/mcufinder/images/
2022-11-05 09:00:31,382 [INFO] DbBoards:264 - Set plugin images path to: C:\ST\STM32CubeIDE_1.7.0\STM32CubeIDE\plugins\com.st.stm32cube.common.mx_6.3.0.202107141111\\db\/plugins/mcufinder/images/
2022-11-05 09:00:31,382 [INFO] DbExamples:333 - Set plugin images path to: C:\ST\STM32CubeIDE_1.7.0\STM32CubeIDE\plugins\com.st.stm32cube.common.mx_6.3.0.202107141111\\db\/plugins/mcufinder/images/
2022-11-05 09:00:31,383 [WARN] DbFile:35 - Overriding database path with different value: C:\Users\ASUS\.stmcufinder\plugins\mcufinder/ => C:\Users\ASUS\.stmcufinder\plugins\mcufinder
2022-11-05 09:00:31,383 [INFO] DbMcusAds:119 - Set database path to: C:\Users\ASUS\.stmcufinder\plugins\mcufinder//mcu/
2022-11-05 09:00:31,384 [WARN] DbFile:35 - Overriding database path with different value: C:\Users\ASUS\.stmcufinder\plugins\mcufinder/ => C:\Users\ASUS\.stmcufinder\plugins\mcufinder
2022-11-05 09:00:31,384 [INFO] DbMcusDocs:110 - Set database path to: C:\Users\ASUS\.stmcufinder\plugins\mcufinder//mcu/
2022-11-05 09:00:31,384 [WARN] DbFile:35 - Overriding database path with different value: C:\Users\ASUS\.stmcufinder\plugins\mcufinder/ => C:\Users\ASUS\.stmcufinder\plugins\mcufinder
2022-11-05 09:00:31,384 [INFO] DbMcusJson:64 - Set database path to: C:\Users\ASUS\.stmcufinder\plugins\mcufinder//mcu/
2022-11-05 09:00:31,384 [WARN] DbFile:35 - Overriding database path with different value: C:\Users\ASUS\.stmcufinder\plugins\mcufinder/ => C:\Users\ASUS\.stmcufinder\plugins\mcufinder
2022-11-05 09:00:31,384 [INFO] DbBoardsDocs:110 - Set database path to: C:\Users\ASUS\.stmcufinder\plugins\mcufinder//mcu/
2022-11-05 09:00:31,384 [WARN] DbFile:35 - Overriding database path with different value: C:\Users\ASUS\.stmcufinder\plugins\mcufinder/ => C:\Users\ASUS\.stmcufinder\plugins\mcufinder
2022-11-05 09:00:31,385 [INFO] DbBoardsJson:57 - Set database path to: C:\Users\ASUS\.stmcufinder\plugins\mcufinder//mcu/
2022-11-05 09:00:31,385 [WARN] DbFile:35 - Overriding database path with different value: C:\Users\ASUS\.stmcufinder\plugins\mcufinder/ => C:\Users\ASUS\.stmcufinder\plugins\mcufinder
2022-11-05 09:00:31,385 [WARN] DbFile:35 - Overriding database path with different value: C:\Users\ASUS\.stmcufinder\plugins\mcufinder/ => C:\Users\ASUS\.stmcufinder\plugins\mcufinder
2022-11-05 09:00:31,385 [INFO] CrossReferenceDbSqlite:196 - Set database path to: C:\Users\ASUS\.stmcufinder\plugins\mcufinder//mcu/cs/
2022-11-05 09:00:31,385 [WARN] DbFile:35 - Overriding database path with different value: C:\Users\ASUS\.stmcufinder\plugins\mcufinder/ => C:\Users\ASUS\.stmcufinder\plugins\mcufinder
2022-11-05 09:00:31,385 [INFO] DbExamplesSqlite:767 - Set database path to: C:\Users\ASUS\.stmcufinder\plugins\mcufinder//mcu/
2022-11-05 09:00:31,436 [INFO] ApplicationProperties:181 - Using Application install path: C:\ST\STM32CubeIDE_1.7.0\STM32CubeIDE\plugins\com.st.stm32cube.common.mx_6.3.0.202107141111
2022-11-05 09:00:31,437 [INFO] PluginManage:188 - Search for loadable plugins [exclusion list=, ]
2022-11-05 09:00:31,440 [INFO] PluginManage:302 - Check plugin analytics
2022-11-05 09:00:40,827 [INFO] AnalyticsPlugin:257 - Accepted Software Licenses: 
2022-11-05 09:00:40,828 [INFO] AnalyticsPlugin:259 - Accepted CMSIS Pack Licenses: 
2022-11-05 09:00:40,829 [INFO] AnalyticsPlugin:261 - Accepted Firmware Licenses: 
2022-11-05 09:00:40,830 [INFO] PluginManage:352 - Loaded plugin analytics (category:tool,tabindex:-1)
2022-11-05 09:00:40,830 [INFO] PluginManage:302 - Check plugin clock
2022-11-05 09:00:40,852 [INFO] PluginManage:352 - Loaded plugin clock (category:base,tabindex:2)
2022-11-05 09:00:40,852 [INFO] PluginManage:302 - Check plugin ddr
2022-11-05 09:00:40,856 [INFO] PluginManage:352 - Loaded plugin ddr (category:tool,tabindex:6)
2022-11-05 09:00:40,856 [INFO] PluginManage:302 - Check plugin filemanager
2022-11-05 09:00:41,093 [INFO] PluginManage:352 - Loaded plugin filemanager (category:base,tabindex:10)
2022-11-05 09:00:41,093 [INFO] PluginManage:302 - Check plugin ipmanager
2022-11-05 09:00:41,121 [INFO] PluginManage:352 - Loaded plugin ipmanager (category:base,tabindex:5)
2022-11-05 09:00:41,121 [INFO] PluginManage:302 - Check plugin pinoutandconfiguration
2022-11-05 09:00:41,137 [INFO] PluginManage:352 - Loaded plugin pinoutandconfiguration (category:base,tabindex:1)
2022-11-05 09:00:41,137 [INFO] PluginManage:302 - Check plugin pinoutconfig
2022-11-05 09:00:41,198 [INFO] PluginManage:352 - Loaded plugin pinoutconfig (category:base,tabindex:0)
2022-11-05 09:00:41,199 [INFO] PluginManage:302 - Check plugin power
2022-11-05 09:00:41,231 [INFO] PluginManage:352 - Loaded plugin power (category:power,tabindex:4)
2022-11-05 09:00:41,231 [INFO] PluginManage:302 - Check plugin projectmanager
2022-11-05 09:00:41,261 [INFO] PluginManage:352 - Loaded plugin projectmanager (category:projectmanager,tabindex:3)
2022-11-05 09:00:41,261 [INFO] PluginManage:302 - Check plugin thirdparty
2022-11-05 09:00:41,537 [WARN] IntegrityCheckThread:78 - waiting for thirdparty lock release [integrity check]
2022-11-05 09:00:41,538 [INFO] IntegrityCheckThread:80 - entering critical section [integrity check]
2022-11-05 09:00:41,538 [INFO] PluginManage:352 - Loaded plugin thirdparty (category:base,tabindex:-1)
2022-11-05 09:00:41,538 [INFO] PluginManage:302 - Check plugin tools
2022-11-05 09:00:41,538 [INFO] ThirdPartyUpdaterWithRetryManager:66 - Updater plugin not ready yet. [1/15]
2022-11-05 09:00:41,543 [INFO] PluginManage:352 - Loaded plugin tools (category:base,tabindex:7)
2022-11-05 09:00:41,543 [INFO] PluginManage:302 - Check plugin tutovideos
2022-11-05 09:00:42,067 [INFO] PluginManage:352 - Loaded plugin tutovideos (category:base,tabindex:-1)
2022-11-05 09:00:42,067 [INFO] PluginManage:302 - Check plugin updater
2022-11-05 09:00:42,086 [INFO] PluginManage:352 - Loaded plugin updater (category:base,tabindex:12)
2022-11-05 09:00:42,086 [INFO] PluginManage:275 - PluginManage : Loaded plugins [13]
2022-11-05 09:00:42,500 [INFO] PinOutPanel:1463 - setPackage(No Configuration,No Configuration)
2022-11-05 09:00:42,717 [INFO] IPUIPlugin:74 - create IPUIPlugin
2022-11-05 09:00:42,717 [INFO] PluginManager:213 - loadIPPluginJar : add adc
2022-11-05 09:00:42,722 [INFO] IPUIPlugin:74 - create IPUIPlugin
2022-11-05 09:00:42,722 [INFO] PluginManager:213 - loadIPPluginJar : add aes
2022-11-05 09:00:42,727 [INFO] IPUIPlugin:74 - create IPUIPlugin
2022-11-05 09:00:42,727 [INFO] PluginManager:213 - loadIPPluginJar : add can
2022-11-05 09:00:42,731 [INFO] IPUIPlugin:74 - create IPUIPlugin
2022-11-05 09:00:42,731 [INFO] PluginManager:213 - loadIPPluginJar : add comp
2022-11-05 09:00:42,736 [INFO] IPUIPlugin:74 - create IPUIPlugin
2022-11-05 09:00:42,736 [INFO] PluginManager:213 - loadIPPluginJar : add cryp
2022-11-05 09:00:42,741 [INFO] IPUIPlugin:74 - create IPUIPlugin
2022-11-05 09:00:42,741 [INFO] PluginManager:213 - loadIPPluginJar : add dfsdm
2022-11-05 09:00:42,753 [INFO] IPUIPlugin:74 - create IPUIPlugin
2022-11-05 09:00:42,754 [INFO] PluginManager:213 - loadIPPluginJar : add dma
2022-11-05 09:00:42,758 [INFO] IPUIPlugin:74 - create IPUIPlugin
2022-11-05 09:00:42,759 [INFO] PluginManager:213 - loadIPPluginJar : add dma3
2022-11-05 09:00:42,762 [INFO] IPUIPlugin:74 - create IPUIPlugin
2022-11-05 09:00:42,762 [INFO] PluginManager:213 - loadIPPluginJar : add fatfs
2022-11-05 09:00:42,770 [INFO] IPUIPlugin:74 - create IPUIPlugin
2022-11-05 09:00:42,770 [INFO] PluginManager:213 - loadIPPluginJar : add fmc
2022-11-05 09:00:42,780 [INFO] IPUIPlugin:74 - create IPUIPlugin
2022-11-05 09:00:42,781 [INFO] PluginManager:213 - loadIPPluginJar : add freertos
2022-11-05 09:00:42,785 [INFO] IPUIPlugin:74 - create IPUIPlugin
2022-11-05 09:00:42,785 [INFO] PluginManager:213 - loadIPPluginJar : add genericplugin
2022-11-05 09:00:42,789 [INFO] IPUIPlugin:74 - create IPUIPlugin
2022-11-05 09:00:42,789 [INFO] PluginManager:213 - loadIPPluginJar : add gfxmmu
2022-11-05 09:00:42,801 [INFO] IPUIPlugin:74 - create IPUIPlugin
2022-11-05 09:00:42,802 [INFO] PluginManager:213 - loadIPPluginJar : add gic
2022-11-05 09:00:42,808 [INFO] IPUIPlugin:74 - create IPUIPlugin
2022-11-05 09:00:42,808 [INFO] PluginManager:213 - loadIPPluginJar : add gpio
2022-11-05 09:00:42,813 [INFO] IPUIPlugin:74 - create IPUIPlugin
2022-11-05 09:00:42,814 [INFO] PluginManager:213 - loadIPPluginJar : add gtzc
2022-11-05 09:00:42,819 [INFO] IPUIPlugin:74 - create IPUIPlugin
2022-11-05 09:00:42,820 [INFO] PluginManager:213 - loadIPPluginJar : add hash
2022-11-05 09:00:42,826 [INFO] IPUIPlugin:74 - create IPUIPlugin
2022-11-05 09:00:42,826 [INFO] PluginManager:213 - loadIPPluginJar : add i2c
2022-11-05 09:00:42,832 [INFO] IPUIPlugin:74 - create IPUIPlugin
2022-11-05 09:00:42,832 [INFO] PluginManager:213 - loadIPPluginJar : add i2s
2022-11-05 09:00:42,839 [INFO] IPUIPlugin:74 - create IPUIPlugin
2022-11-05 09:00:42,839 [INFO] PluginManager:213 - loadIPPluginJar : add ipddr
2022-11-05 09:00:42,853 [INFO] IPUIPlugin:74 - create IPUIPlugin
2022-11-05 09:00:42,853 [INFO] PluginManager:213 - loadIPPluginJar : add linkedlist
2022-11-05 09:00:42,858 [INFO] IPUIPlugin:74 - create IPUIPlugin
2022-11-05 09:00:42,859 [INFO] PluginManager:213 - loadIPPluginJar : add lorawan
2022-11-05 09:00:42,862 [INFO] IPUIPlugin:74 - create IPUIPlugin
2022-11-05 09:00:42,862 [INFO] PluginManager:213 - loadIPPluginJar : add ltdc
2022-11-05 09:00:42,870 [INFO] IPUIPlugin:74 - create IPUIPlugin
2022-11-05 09:00:42,870 [INFO] PluginManager:213 - loadIPPluginJar : add mdma
2022-11-05 09:00:42,876 [INFO] IPUIPlugin:74 - create IPUIPlugin
2022-11-05 09:00:42,876 [INFO] PluginManager:213 - loadIPPluginJar : add nvic
2022-11-05 09:00:42,884 [INFO] IPUIPlugin:74 - create IPUIPlugin
2022-11-05 09:00:42,884 [INFO] PluginManager:213 - loadIPPluginJar : add opamp
2022-11-05 09:00:42,890 [INFO] IPUIPlugin:74 - create IPUIPlugin
2022-11-05 09:00:42,890 [INFO] PluginManager:213 - loadIPPluginJar : add openamp
2022-11-05 09:00:42,897 [INFO] IPUIPlugin:74 - create IPUIPlugin
2022-11-05 09:00:42,897 [INFO] PluginManager:213 - loadIPPluginJar : add pdm2pcm
2022-11-05 09:00:42,911 [INFO] IPUIPlugin:74 - create IPUIPlugin
2022-11-05 09:00:42,917 [INFO] PluginManager:213 - loadIPPluginJar : add plateformsettings
2022-11-05 09:00:42,921 [INFO] IPUIPlugin:74 - create IPUIPlugin
2022-11-05 09:00:42,921 [INFO] PluginManager:213 - loadIPPluginJar : add quadspi
2022-11-05 09:00:42,926 [INFO] IPUIPlugin:74 - create IPUIPlugin
2022-11-05 09:00:42,927 [INFO] PluginManager:213 - loadIPPluginJar : add resmgrutility
2022-11-05 09:00:42,933 [INFO] IPUIPlugin:74 - create IPUIPlugin
2022-11-05 09:00:42,933 [INFO] PluginManager:213 - loadIPPluginJar : add sai
2022-11-05 09:00:42,938 [INFO] IPUIPlugin:74 - create IPUIPlugin
2022-11-05 09:00:42,938 [INFO] PluginManager:213 - loadIPPluginJar : add spi
2022-11-05 09:00:42,945 [INFO] IPUIPlugin:74 - create IPUIPlugin
2022-11-05 09:00:42,946 [INFO] PluginManager:213 - loadIPPluginJar : add stm32_wpan
2022-11-05 09:00:42,951 [INFO] IPUIPlugin:74 - create IPUIPlugin
2022-11-05 09:00:42,952 [INFO] PluginManager:213 - loadIPPluginJar : add tim
2022-11-05 09:00:42,957 [INFO] IPUIPlugin:74 - create IPUIPlugin
2022-11-05 09:00:42,958 [INFO] PluginManager:213 - loadIPPluginJar : add touchsensing
2022-11-05 09:00:42,963 [INFO] IPUIPlugin:74 - create IPUIPlugin
2022-11-05 09:00:42,964 [INFO] PluginManager:213 - loadIPPluginJar : add tracer_emb
2022-11-05 09:00:42,970 [INFO] IPUIPlugin:74 - create IPUIPlugin
2022-11-05 09:00:42,970 [INFO] PluginManager:213 - loadIPPluginJar : add ts
2022-11-05 09:00:42,975 [INFO] IPUIPlugin:74 - create IPUIPlugin
2022-11-05 09:00:42,975 [INFO] PluginManager:213 - loadIPPluginJar : add tsc
2022-11-05 09:00:42,981 [INFO] IPUIPlugin:74 - create IPUIPlugin
2022-11-05 09:00:42,981 [INFO] PluginManager:213 - loadIPPluginJar : add ucpd
2022-11-05 09:00:42,991 [INFO] IPUIPlugin:74 - create IPUIPlugin
2022-11-05 09:00:42,991 [INFO] PluginManager:213 - loadIPPluginJar : add usart
2022-11-05 09:00:43,002 [INFO] IPUIPlugin:74 - create IPUIPlugin
2022-11-05 09:00:43,002 [INFO] PluginManager:213 - loadIPPluginJar : add usbx
2022-11-05 09:00:43,709 [FATAL] Updater:294 - Updater called before beeing initialized
2022-11-05 09:00:43,981 [FATAL] Updater:294 - Updater called before beeing initialized
2022-11-05 09:00:43,993 [INFO] DbMcusAds:47 - JSON generation date=Thu Sep 30 13:56:37 ICT 2021 (1632984997303)
2022-11-05 09:00:43,993 [FATAL] Updater:294 - Updater called before beeing initialized
2022-11-05 09:00:44,102 [WARN] DetailPanel:314 - Failed to get advertising image, set to default
2022-11-05 09:00:44,367 [FATAL] Updater:294 - Updater called before beeing initialized
2022-11-05 09:00:44,373 [FATAL] Updater:294 - Updater called before beeing initialized
2022-11-05 09:00:44,373 [FATAL] Updater:294 - Updater called before beeing initialized
2022-11-05 09:00:44,373 [WARN] DetailPanel:314 - Failed to get advertising image, set to default
2022-11-05 09:00:44,375 [FATAL] Updater:294 - Updater called before beeing initialized
2022-11-05 09:00:44,490 [ERROR] Updater:1075 - MainUpdater not yet initialized. External WinMGr cannot be set.
2022-11-05 09:00:44,496 [INFO] Updater:1012 - Updater Version found : 6.3.0
2022-11-05 09:00:44,543 [INFO] ApplicationProperties:181 - Using Application install path: C:\ST\STM32CubeIDE_1.7.0\STM32CubeIDE\plugins\com.st.stm32cube.common.mx_6.3.0.202107141111
2022-11-05 09:00:44,548 [INFO] ThirdPartyUpdaterWithRetryManager:66 - Updater plugin not ready yet. [2/15]
2022-11-05 09:00:45,031 [INFO] MainUpdater:2671 - connection check result : 10
2022-11-05 09:00:45,033 [INFO] MainUpdater:265 - Updater Check For Update Now.
2022-11-05 09:00:45,034 [INFO] MicroXplorer:478 - Change Database Version : DB.6.0.30
2022-11-05 09:00:45,263 [INFO] CheckServerUpdateThread:112 - End of CheckServer Thread
2022-11-05 09:00:45,284 [INFO] MainUpdater:2671 - connection check result : 10
2022-11-05 09:00:45,855 [INFO] McuFinderGlobals:52 - Set McuFinderConnectedMode to false
2022-11-05 09:00:46,066 [INFO] CrossSelectorPresenter:1330 - Cross Selector saved comparison directory: C:\Users\ASUS\.stmcufinder\plugins\mcufinder\mcu\cs_comparisons_mx
2022-11-05 09:00:46,075 [INFO] MultiScanPanel:197 - Auto-refresh data requested => check proxy status ongoing
2022-11-05 09:00:46,075 [INFO] MultiScanPanel:201 - Proxy status is invalid
2022-11-05 09:00:46,082 [INFO] FinderPluginLoader:87 - Searching for filters in installed packs
2022-11-05 09:00:46,085 [INFO] DbMcusXml:100 - Load MCU database from C:\ST\STM32CubeIDE_1.7.0\STM32CubeIDE\plugins\com.st.stm32cube.common.mx_6.3.0.202107141111\\db\/mcu/families.xml
2022-11-05 09:00:47,484 [INFO] DbMcusJson:93 - JSON generation date=Tue Nov 16 23:17:54 ICT 2021 (1637079474)
2022-11-05 09:00:48,190 [WARN] PackLoader:238 - Cannot read IP mode file for STMicroelectronics.X-CUBE-GNSS1.6.0.0
2022-11-05 09:00:48,272 [WARN] PackLoader:238 - Cannot read IP mode file for STMicroelectronics.X-CUBE-AZRTOS-F4.1.1.0
2022-11-05 09:00:48,299 [WARN] PackLoader:238 - Cannot read IP mode file for STMicroelectronics.X-CUBE-BLEMGR.1.2.0
2022-11-05 09:00:48,380 [WARN] PackLoader:238 - Cannot read IP mode file for STMicroelectronics.X-CUBE-AZRTOS-F7.1.1.0
2022-11-05 09:00:48,404 [WARN] PackLoader:238 - Cannot read IP mode file for STMicroelectronics.X-CUBE-BLE1.6.2.3
2022-11-05 09:00:48,417 [WARN] PackLoader:238 - Cannot read IP mode file for STMicroelectronics.X-CUBE-NFC4.2.0.4
2022-11-05 09:00:48,438 [WARN] PackLoader:238 - Cannot read IP mode file for STMicroelectronics.X-CUBE-TOF1.3.1.0
2022-11-05 09:00:48,455 [WARN] PackLoader:238 - Cannot read IP mode file for wolfSSL.I-CUBE-wolfSSL.5.5.0
2022-11-05 09:00:48,467 [WARN] PackLoader:238 - Cannot read IP mode file for STMicroelectronics.X-CUBE-NFC7.1.0.0
2022-11-05 09:00:48,565 [WARN] PackLoader:238 - Cannot read IP mode file for STMicroelectronics.X-CUBE-MEMS1.9.3.0
2022-11-05 09:00:48,921 [INFO] DbMcus:175 - Found 1951 MCUs (1903 are supported by CubeMX, 1914 are visible in CubeMX)
2022-11-05 09:00:48,922 [INFO] ApiDb:251 - Load user favorites file C:\Users\ASUS/.stm32cubeide/favorites.mcus.txt: 0 item(s)
2022-11-05 09:00:48,923 [INFO] ApiDb:255 - User favorites MCUs=[]
2022-11-05 09:00:48,925 [INFO] DbMcus:187 - Set 0 / 0 favorites MCUs
2022-11-05 09:00:48,935 [WARN] PackLoader:238 - Cannot read IP mode file for STMicroelectronics.X-CUBE-AI.7.2.0
2022-11-05 09:00:48,948 [WARN] PackLoader:238 - Cannot read IP mode file for STMicroelectronics.X-CUBE-SFXS2LP1.4.0.0
2022-11-05 09:00:48,958 [WARN] PackLoader:238 - Cannot read IP mode file for STMicroelectronics.X-CUBE-BLE2.3.3.0
2022-11-05 09:00:48,976 [WARN] PackLoader:238 - Cannot read IP mode file for STMicroelectronics.X-CUBE-DISPLAY.2.2.0
2022-11-05 09:00:49,001 [WARN] PackLoader:238 - Cannot read IP mode file for STMicroelectronics.X-CUBE-TOF1.3.2.0
2022-11-05 09:00:49,027 [WARN] PackLoader:238 - Cannot read IP mode file for STMicroelectronics.X-CUBE-ISPU.1.0.0
2022-11-05 09:00:49,043 [WARN] PackLoader:238 - Cannot read IP mode file for RoweBots.I-CUBE-UNISONRTOS.5.5.0-4
2022-11-05 09:00:49,084 [WARN] PackLoader:238 - Cannot read IP mode file for STMicroelectronics.X-CUBE-AZRTOS-H7.2.1.0
2022-11-05 09:00:49,105 [WARN] PackLoader:238 - Cannot read IP mode file for STMicroelectronics.X-CUBE-BLEMGR.1.0.0
2022-11-05 09:00:49,114 [WARN] PackLoader:238 - Cannot read IP mode file for STMicroelectronics.X-CUBE-AI.7.3.0
2022-11-05 09:00:49,125 [WARN] PackLoader:238 - Cannot read IP mode file for STMicroelectronics.X-CUBE-ALGOBUILD.1.3.0
2022-11-05 09:00:49,154 [WARN] PackLoader:238 - Cannot read IP mode file for STMicroelectronics.X-CUBE-AZRTOS-G0.1.1.0
2022-11-05 09:00:49,175 [WARN] PackLoader:238 - Cannot read IP mode file for STMicroelectronics.X-CUBE-SUBG2.5.0.0
2022-11-05 09:00:49,283 [WARN] PackLoader:238 - Cannot read IP mode file for SEGGER.I-CUBE-embOS.1.2.0
2022-11-05 09:00:49,387 [WARN] PackLoader:238 - Cannot read IP mode file for STMicroelectronics.FP-ATR-ASTRA1.1.1.1
2022-11-05 09:00:49,415 [WARN] PackLoader:238 - Cannot read IP mode file for STMicroelectronics.X-CUBE-AZRTOS-G4.1.0.0
2022-11-05 09:00:49,425 [WARN] PackLoader:238 - Cannot read IP mode file for STMicroelectronics.FP-ATR-SIGFOX1.3.2.0
2022-11-05 09:00:49,456 [WARN] PackLoader:238 - Cannot read IP mode file for STMicroelectronics.X-CUBE-AZRTOS-L4.1.0.0
2022-11-05 09:00:49,474 [WARN] PackLoader:238 - Cannot read IP mode file for emotas.I-CUBE-CANOPEN.1.1.2
2022-11-05 09:00:49,483 [WARN] PackLoader:238 - Cannot read IP mode file for STMicroelectronics.X-CUBE-TOUCHGFX.4.20.0
2022-11-05 09:00:49,504 [WARN] PackLoader:238 - Cannot read IP mode file for STMicroelectronics.X-CUBE-AZRTOS-WL.1.0.0
2022-11-05 09:00:49,518 [WARN] PackLoader:238 - Cannot read IP mode file for portGmbH.I-Cube-SoM-uGOAL.1.1.0
2022-11-05 09:00:49,529 [WARN] PackLoader:238 - Cannot read IP mode file for STMicroelectronics.X-CUBE-ALS.1.0.1
2022-11-05 09:00:49,557 [WARN] PackLoader:238 - Cannot read IP mode file for STMicroelectronics.X-CUBE-AZRTOS-L5.1.0.0
2022-11-05 09:00:49,583 [WARN] PackLoader:238 - Cannot read IP mode file for STMicroelectronics.X-CUBE-EEPRMA1.3.1.1
2022-11-05 09:00:49,585 [INFO] ThirdParty:915 - Integrity check success = true
2022-11-05 09:00:49,585 [INFO] IntegrityCheckThread:94 - exiting critical section [integrity check]
2022-11-05 09:00:49,585 [INFO] IntegrityCheckThread:97 - End integrity checks thread
2022-11-05 09:00:49,785 [INFO] DetailPanel:309 - Set advertising image to C:/Users/ASUS/STM32Cube/Repository/\en.Prom_NBSTM32U50921.jpg
2022-11-05 09:00:50,380 [INFO] DbBoardsPdsc:90 - Found 25 items
2022-11-05 09:00:50,394 [INFO] DbBoardsPdsc:90 - Found 9 items
2022-11-05 09:00:50,411 [INFO] DbBoardsPdsc:90 - Found 33 items
2022-11-05 09:00:50,422 [INFO] DbBoardsPdsc:90 - Found 1 items
2022-11-05 09:00:50,442 [INFO] DbBoardsPdsc:90 - Found 48 items
2022-11-05 09:00:50,462 [INFO] DbBoardsPdsc:90 - Found 43 items
2022-11-05 09:00:50,474 [INFO] DbBoardsPdsc:90 - Found 2 items
2022-11-05 09:00:50,487 [INFO] DbBoardsPdsc:90 - Found 5 items
2022-11-05 09:00:50,492 [WARN] DbBoardsPdsc:254 - Board STM32H7B3I-DK: unknown feature type=Audio, name=, username=Audio stereo codec with Headphone Amp (CS42L51-CNZ), n=1
2022-11-05 09:00:50,492 [WARN] DbBoardsPdsc:254 - Board STM32H735G-DK: unknown feature type=Audio, name=, username=Audio stereo codec with Headphone Amp (WM8994ECS/R), n=1
2022-11-05 09:00:50,494 [WARN] DbBoardsPdsc:254 - Board STM32H7B3I-EVAL: unknown feature type=Audio, name=, username=Multi-Channel Audio Codec (CS42L51-CNZ), n=1
2022-11-05 09:00:50,494 [WARN] DbBoardsPdsc:254 - Board STM32H7B3I-EVAL: unknown feature type=Meter, name=, username=Power-metering and Temperature-monitoring with sigma-delta modulators, n=1
2022-11-05 09:00:50,494 [WARN] DbBoardsPdsc:254 - Board STM32H7B3I-EVAL: unknown feature type=Motor, name=, username=Motor Control, n=1
2022-11-05 09:00:50,495 [WARN] DbBoardsPdsc:254 - Board STM32U575I-EV: unknown feature type=joystick, name=, username=4-direction joystick with selection button, n=1
2022-11-05 09:00:50,574 [INFO] DbBoardsJson:86 - JSON generation date=Tue Nov 16 23:17:54 ICT 2021 (1637079474)
2022-11-05 09:00:50,584 [INFO] DbBoards:117 - Found 167 boards (163 are supported by CubeMX)
2022-11-05 09:00:50,597 [INFO] DbBoardsDocs:143 - JSON generation date=Tue Nov 16 23:17:54 ICT 2021 (1637079474)
2022-11-05 09:00:50,606 [INFO] DbBoardsDocs:79 - Found 209 boards documents
2022-11-05 09:00:50,607 [WARN] DbBoards:127 - board B-L475E-IOT01A2 has no document id list !
2022-11-05 09:00:50,608 [WARN] DbBoards:127 - board NUCLEO-H743ZI has no document id list !
2022-11-05 09:00:50,611 [WARN] DbBoards:127 - board NUCLEO-WL55JC2 has no document id list !
2022-11-05 09:00:50,611 [WARN] DbBoards:127 - board P-NUCLEO-WB55-Nucleo has no document id list !
2022-11-05 09:00:50,611 [WARN] DbBoards:127 - board P-NUCLEO-WB55-USBDongle has no document id list !
2022-11-05 09:00:50,611 [WARN] DbBoards:127 - board STEVAL-BFA001V1B has no document id list !
2022-11-05 09:00:50,611 [WARN] DbBoards:127 - board STEVAL-BFA001V2B has no document id list !
2022-11-05 09:00:50,611 [WARN] DbBoards:127 - board STEVAL-IDP005V1 has no document id list !
2022-11-05 09:00:50,612 [WARN] DbBoards:127 - board STEVAL-IDP005V2 has no document id list !
2022-11-05 09:00:50,613 [WARN] DbBoards:127 - board STEVAL-MKSBOX1V1 has no document id list !
2022-11-05 09:00:50,613 [WARN] DbBoards:127 - board STEVAL-STWINKT1 has no document id list !
2022-11-05 09:00:50,613 [WARN] DbBoards:127 - board STEVAL-STWINKT1B has no document id list !
2022-11-05 09:00:50,613 [WARN] DbBoards:127 - board STM32439I-EVAL2 has no document id list !
2022-11-05 09:00:50,614 [WARN] DbBoards:127 - board STM32F401C-DISCO has no document id list !
2022-11-05 09:00:50,615 [WARN] DbBoards:127 - board STM32F769I-DISC1 has no document id list !
2022-11-05 09:00:50,615 [WARN] DbBoards:127 - board STM32G474E-EVAL1 has no document id list !
2022-11-05 09:00:50,615 [WARN] DbBoards:127 - board STM32H743I-EVAL2 has no document id list !
2022-11-05 09:00:50,615 [WARN] DbBoards:127 - board STM32H747I-DISC1 has no document id list !
2022-11-05 09:00:50,616 [WARN] DbBoards:127 - board STM32H753I-EVAL2 has no document id list !
2022-11-05 09:00:50,616 [WARN] DbBoards:127 - board STM32L-DISCOVERY has no document id list !
2022-11-05 09:00:50,884 [ERROR] DbBoards:189 - Image file not found for board B-U585I-IOT02A: C:\ST\STM32CubeIDE_1.7.0\STM32CubeIDE\plugins\com.st.stm32cube.common.mx_6.3.0.202107141111\\db\/plugins/mcufinder/images/boards/B-U585I-IOT02A_small.jpg
2022-11-05 09:00:51,071 [ERROR] DbBoards:189 - Image file not found for board NUCLEO-F413ZH: C:\ST\STM32CubeIDE_1.7.0\STM32CubeIDE\plugins\com.st.stm32cube.common.mx_6.3.0.202107141111\\db\/plugins/mcufinder/images/boards/nucleo-f413zh_small.jpg
2022-11-05 09:00:51,406 [ERROR] DbBoards:189 - Image file not found for board NUCLEO-L552ZE-Q: C:\ST\STM32CubeIDE_1.7.0\STM32CubeIDE\plugins\com.st.stm32cube.common.mx_6.3.0.202107141111\\db\/plugins/mcufinder/images/boards/nucleo_l552ze_q_small.jpg
2022-11-05 09:00:51,406 [ERROR] DbBoards:189 - Image file not found for board NUCLEO-U575ZI-Q: C:\ST\STM32CubeIDE_1.7.0\STM32CubeIDE\plugins\com.st.stm32cube.common.mx_6.3.0.202107141111\\db\/plugins/mcufinder/images/boards/nucleo-u575zi-q_small.jpg
2022-11-05 09:00:51,407 [ERROR] DbBoards:189 - Image file not found for board NUCLEO-WB15CC: C:\ST\STM32CubeIDE_1.7.0\STM32CubeIDE\plugins\com.st.stm32cube.common.mx_6.3.0.202107141111\\db\/plugins/mcufinder/images/boards/nucleo-wb15cc_small.jpg
2022-11-05 09:00:51,407 [ERROR] DbBoards:189 - Image file not found for board NUCLEO-WB55RG: C:\ST\STM32CubeIDE_1.7.0\STM32CubeIDE\plugins\com.st.stm32cube.common.mx_6.3.0.202107141111\\db\/plugins/mcufinder/images/boards/nucleo-wb55rg_small.jpg
2022-11-05 09:00:53,684 [INFO] ApiDb:251 - Load user favorites file C:\Users\ASUS/.stm32cubeide/favorites.boards.txt: 0 item(s)
2022-11-05 09:00:53,685 [INFO] ApiDb:255 - User favorites Boards=[]
2022-11-05 09:00:53,686 [INFO] DbBoards:206 - Set 0 / 0 favorites Boards
2022-11-05 09:02:49,370 [INFO] DbMcusDocs:143 - JSON generation date=Tue Nov 16 23:17:54 ICT 2021 (1637079474)
2022-11-05 09:02:49,927 [INFO] DbMcusDocs:79 - Found 682 MCUs documents
2022-11-05 09:03:16,681 [INFO] MainUpdater:2671 - connection check result : 10
2022-11-05 09:03:16,681 [INFO] MainUpdater:2671 - connection check result : 10
2022-11-05 09:03:16,750 [INFO] MicroXplorer:448 - Change Database Path : 
2022-11-05 09:03:16,750 [INFO] MicroXplorer:478 - Change Database Version : DB.6.0.30
2022-11-05 09:03:16,751 [WARN] ThirdParty:813 - waiting for thirdparty lock release [close project]
2022-11-05 09:03:16,751 [INFO] ThirdParty:815 - entering critical section [close project]
2022-11-05 09:03:16,753 [INFO] ThirdParty:825 - exiting critical section [close project]
2022-11-05 09:03:16,763 [INFO] PinOutPanel:1463 - setPackage(No Configuration,No Configuration)
2022-11-05 09:03:16,764 [INFO] UtilMem:74 - Begin LoadConfig() Used Memory: 308015312 Bytes (556793856)
2022-11-05 09:03:16,766 [INFO] MicroXplorer:448 - Change Database Path : 
2022-11-05 09:03:16,767 [INFO] MicroXplorer:478 - Change Database Version : DB.6.0.30
2022-11-05 09:03:16,767 [INFO] OpenFileManager:313 - Change cursor
2022-11-05 09:03:17,879 [INFO] Context:592 - Trying to add GPIOservice into a context  which must be forbidden
2022-11-05 09:03:18,226 [INFO] ImportTextPane:167 - (OptionalMessage_ERROR) Unable to find key (Mcu.ThirdPartyNb) in loaded IOC file
2022-11-05 09:03:18,226 [INFO] ImportTextPane:167 - (OptionalMessage_ERROR) Unable to find key (Mcu.PinsNb) in loaded IOC file
2022-11-05 09:03:18,226 [INFO] ImportTextPane:167 - (OptionalMessage_ERROR) Unable to find key (Mcu.IPNb) in loaded IOC file
2022-11-05 09:03:18,301 [WARN] ApiManager:304 - Cannot register API 'Board Extension:GNSS1A1' from pack STMicroelectronics.X-CUBE-GNSS1.6.0.0: no header file found
2022-11-05 09:03:18,301 [WARN] ApiManager:304 - Cannot register API 'Board Support:Custom' from pack STMicroelectronics.X-CUBE-GNSS1.6.0.0: no header file found
2022-11-05 09:03:18,301 [WARN] ApiManager:304 - Cannot register API 'Data Exchange:lib_gnss' from pack STMicroelectronics.X-CUBE-GNSS1.6.0.0: no header file found
2022-11-05 09:03:18,329 [WARN] ApiManager:304 - Cannot register API 'Wireless:BlueNRG-MS' from pack STMicroelectronics.X-CUBE-BLE1.6.2.3: no header file found
2022-11-05 09:03:18,332 [INFO] RtosManager:484 - Registered RTOS mode: class=CMSIS, group=RTOS, mode=CMSIS_V1, owner=FREERTOS
2022-11-05 09:03:18,333 [INFO] RtosManager:484 - Registered RTOS mode: class=CMSIS, group=RTOS2, mode=CMSIS_V2, owner=FREERTOS
2022-11-05 09:03:18,333 [INFO] RtosManager:484 - Registered RTOS mode: class=RTOS, group=Core, mode=CMSIS_V1, owner=FREERTOS
2022-11-05 09:03:18,333 [INFO] RtosManager:484 - Registered RTOS mode: class=RTOS, group=Core, mode=CMSIS_V2, owner=FREERTOS
2022-11-05 09:03:18,333 [WARN] ModelIntegratedComponent:181 - Missing modes for component STMicroelectronics:FreeRTOS:0.0.1:STMicroelectronics:RTOS:FreeRTOS:Core:::10.2.0:
2022-11-05 09:03:18,346 [WARN] ApiManager:304 - Cannot register API 'Board Extension:S2868A1' from pack STMicroelectronics.X-CUBE-SUBG2.5.0.0: no header file found
2022-11-05 09:03:18,346 [WARN] ApiManager:304 - Cannot register API 'Board Extension:S2868A2' from pack STMicroelectronics.X-CUBE-SUBG2.5.0.0: no header file found
2022-11-05 09:03:18,347 [WARN] ApiManager:304 - Cannot register API 'Board Extension:S2915A1' from pack STMicroelectronics.X-CUBE-SUBG2.5.0.0: no header file found
2022-11-05 09:03:18,357 [WARN] ApiManager:304 - Cannot register API 'Board Extension:NFC04A1' from pack STMicroelectronics.X-CUBE-NFC4.2.0.4: no header file found
2022-11-05 09:03:18,368 [WARN] ModelIntegratedComponent:60 - No mode defined for component null
2022-11-05 09:03:18,369 [WARN] ModelIntegratedComponent:60 - No mode defined for component null
2022-11-05 09:03:18,369 [WARN] ModelIntegratedComponent:60 - No mode defined for component null
2022-11-05 09:03:18,369 [WARN] ModelIntegratedComponent:60 - No mode defined for component null
2022-11-05 09:03:18,369 [WARN] ModelIntegratedComponent:60 - No mode defined for component null
2022-11-05 09:03:18,369 [WARN] ModelIntegratedComponent:60 - No mode defined for component null
2022-11-05 09:03:18,369 [WARN] ModelIntegratedComponent:60 - No mode defined for component null
2022-11-05 09:03:18,369 [WARN] ModelIntegratedComponent:60 - No mode defined for component null
2022-11-05 09:03:18,369 [WARN] ModelIntegratedComponent:60 - No mode defined for component null
2022-11-05 09:03:18,370 [WARN] ModelIntegratedComponent:60 - No mode defined for component null
2022-11-05 09:03:18,370 [WARN] ModelIntegratedComponent:60 - No mode defined for component null
2022-11-05 09:03:18,370 [WARN] ModelIntegratedComponent:60 - No mode defined for component null
2022-11-05 09:03:18,370 [WARN] ModelIntegratedComponent:60 - No mode defined for component null
2022-11-05 09:03:18,370 [WARN] ModelIntegratedComponent:60 - No mode defined for component null
2022-11-05 09:03:18,370 [WARN] ModelIntegratedComponent:60 - No mode defined for component null
2022-11-05 09:03:18,370 [WARN] ModelIntegratedComponent:60 - No mode defined for component null
2022-11-05 09:03:18,371 [WARN] ModelIntegratedComponent:60 - No mode defined for component null
2022-11-05 09:03:18,371 [WARN] ModelIntegratedComponent:60 - No mode defined for component null
2022-11-05 09:03:18,371 [WARN] ModelIntegratedComponent:60 - No mode defined for component null
2022-11-05 09:03:18,371 [WARN] ModelIntegratedComponent:60 - No mode defined for component null
2022-11-05 09:03:18,372 [WARN] ModelIntegratedComponent:60 - No mode defined for component null
2022-11-05 09:03:18,372 [WARN] ModelIntegratedComponent:60 - No mode defined for component null
2022-11-05 09:03:18,372 [WARN] ModelIntegratedComponent:60 - No mode defined for component null
2022-11-05 09:03:18,373 [WARN] ModelIntegratedComponent:60 - No mode defined for component null
2022-11-05 09:03:18,373 [WARN] ModelIntegratedComponent:60 - No mode defined for component null
2022-11-05 09:03:18,373 [WARN] ModelIntegratedComponent:60 - No mode defined for component null
2022-11-05 09:03:18,373 [WARN] ModelIntegratedComponent:60 - No mode defined for component null
2022-11-05 09:03:18,373 [WARN] ModelIntegratedComponent:60 - No mode defined for component null
2022-11-05 09:03:18,374 [WARN] ModelIntegratedComponent:60 - No mode defined for component null
2022-11-05 09:03:18,374 [WARN] ModelIntegratedComponent:60 - No mode defined for component null
2022-11-05 09:03:18,374 [WARN] ModelIntegratedComponent:60 - No mode defined for component null
2022-11-05 09:03:18,378 [WARN] ApiManager:304 - Cannot register API 'Board Extension:NFC07A1' from pack STMicroelectronics.X-CUBE-NFC7.1.0.0: no header file found
2022-11-05 09:03:18,664 [WARN] ApiManager:304 - Cannot register API 'Board Extension:IKS01A3' from pack STMicroelectronics.X-CUBE-MEMS1.9.3.0: no header file found
2022-11-05 09:03:18,664 [WARN] ApiManager:304 - Cannot register API 'Board Extension:IKS01A2' from pack STMicroelectronics.X-CUBE-MEMS1.9.3.0: no header file found
2022-11-05 09:03:18,664 [WARN] ApiManager:304 - Cannot register API 'Board Extension:IKS02A1' from pack STMicroelectronics.X-CUBE-MEMS1.9.3.0: no header file found
2022-11-05 09:03:18,680 [WARN] ApiManager:304 - Cannot register API 'Board Extension:EEPRMA1' from pack STMicroelectronics.X-CUBE-EEPRMA1.3.1.1: no header file found
2022-11-05 09:03:18,680 [WARN] ApiManager:304 - Cannot register API 'Board Extension:EEPRMA2' from pack STMicroelectronics.X-CUBE-EEPRMA1.3.1.1: no header file found
2022-11-05 09:03:18,682 [WARN] ApiManager:304 - Cannot register API 'Board Extension:S2868A1' from pack STMicroelectronics.X-CUBE-SFXS2LP1.4.0.0: no header file found
2022-11-05 09:03:18,682 [WARN] ApiManager:304 - Cannot register API 'Board Extension:S2868A2' from pack STMicroelectronics.X-CUBE-SFXS2LP1.4.0.0: no header file found
2022-11-05 09:03:18,682 [WARN] ApiManager:304 - Cannot register API 'Board Extension:S2915A1' from pack STMicroelectronics.X-CUBE-SFXS2LP1.4.0.0: no header file found
2022-11-05 09:03:18,683 [WARN] ApiManager:304 - Cannot register API 'Wireless:BlueNRG-2' from pack STMicroelectronics.X-CUBE-BLE2.3.3.0: no header file found
2022-11-05 09:03:21,024 [INFO] UtilMem:74 - End LoadConfig() Used Memory: 253152720 Bytes (556793856)
2022-11-05 09:03:21,028 [WARN] ThirdParty:779 - waiting for thirdparty lock release [change project]
2022-11-05 09:03:21,028 [INFO] ThirdParty:781 - entering critical section [change project]
2022-11-05 09:03:21,028 [INFO] ThirdParty:967 - CMSIS Pack Vendor :RoweBots I-CUBE-UNISONRTOS 5.5.0-4
2022-11-05 09:03:21,028 [INFO] ThirdParty:967 - CMSIS Pack Vendor :STMicroelectronics X-CUBE-GNSS1 6.0.0
2022-11-05 09:03:21,029 [INFO] ThirdParty:967 - CMSIS Pack Vendor :STMicroelectronics X-CUBE-AZRTOS-H7 2.1.0
2022-11-05 09:03:21,029 [INFO] ThirdParty:967 - CMSIS Pack Vendor :STMicroelectronics USB_HOST 2.0.0
2022-11-05 09:03:21,029 [INFO] ThirdParty:967 - CMSIS Pack Vendor :STMicroelectronics X-CUBE-AZRTOS-F4 1.1.0
2022-11-05 09:03:21,029 [INFO] ThirdParty:967 - CMSIS Pack Vendor :STMicroelectronics USB_DEVICE 3.0.0
2022-11-05 09:03:21,029 [INFO] ThirdParty:967 - CMSIS Pack Vendor :STMicroelectronics X-CUBE-BLEMGR 1.0.0
2022-11-05 09:03:21,029 [INFO] ThirdParty:967 - CMSIS Pack Vendor :STMicroelectronics X-CUBE-BLEMGR 1.2.0
2022-11-05 09:03:21,029 [INFO] ThirdParty:967 - CMSIS Pack Vendor :STMicroelectronics X-CUBE-AZRTOS-F7 1.1.0
2022-11-05 09:03:21,029 [INFO] ThirdParty:967 - CMSIS Pack Vendor :STMicroelectronics USB_DEVICE 2.0.0
2022-11-05 09:03:21,029 [INFO] ThirdParty:967 - CMSIS Pack Vendor :STMicroelectronics X-CUBE-AI 7.3.0
2022-11-05 09:03:21,030 [INFO] ThirdParty:967 - CMSIS Pack Vendor :STMicroelectronics X-CUBE-BLE1 6.2.3
2022-11-05 09:03:21,030 [INFO] ThirdParty:967 - CMSIS Pack Vendor :STMicroelectronics X-CUBE-ALGOBUILD 1.3.0
2022-11-05 09:03:21,030 [INFO] ThirdParty:967 - CMSIS Pack Vendor :STMicroelectronics FreeRTOS 0.0.1
2022-11-05 09:03:21,030 [INFO] ThirdParty:967 - CMSIS Pack Vendor :STMicroelectronics X-CUBE-AZRTOS-G0 1.1.0
2022-11-05 09:03:21,030 [INFO] ThirdParty:967 - CMSIS Pack Vendor :STMicroelectronics X-CUBE-SUBG2 5.0.0
2022-11-05 09:03:21,030 [INFO] ThirdParty:967 - CMSIS Pack Vendor :SEGGER I-CUBE-embOS 1.2.0
2022-11-05 09:03:21,030 [INFO] ThirdParty:967 - CMSIS Pack Vendor :STMicroelectronics lwIP 2.0.3
2022-11-05 09:03:21,030 [INFO] ThirdParty:967 - CMSIS Pack Vendor :STMicroelectronics X-CUBE-NFC4 2.0.4
2022-11-05 09:03:21,030 [INFO] ThirdParty:967 - CMSIS Pack Vendor :STMicroelectronics USB_HOST 1.0.0
2022-11-05 09:03:21,030 [INFO] ThirdParty:967 - CMSIS Pack Vendor :STMicroelectronics PDM2PCM 3.1.0
2022-11-05 09:03:21,031 [INFO] ThirdParty:967 - CMSIS Pack Vendor :STMicroelectronics FP-ATR-ASTRA1 1.1.1
2022-11-05 09:03:21,031 [INFO] ThirdParty:967 - CMSIS Pack Vendor :STMicroelectronics PDM2PCM 3.3.0
2022-11-05 09:03:21,031 [INFO] ThirdParty:967 - CMSIS Pack Vendor :STMicroelectronics X-CUBE-TOF1 3.1.0
2022-11-05 09:03:21,031 [INFO] ThirdParty:967 - CMSIS Pack Vendor :STMicroelectronics X-CUBE-AZRTOS-G4 1.0.0
2022-11-05 09:03:21,031 [INFO] ThirdParty:967 - CMSIS Pack Vendor :STMicroelectronics FP-ATR-SIGFOX1 3.2.0
2022-11-05 09:03:21,031 [INFO] ThirdParty:967 - CMSIS Pack Vendor :STMicroelectronics X-CUBE-AZRTOS-L4 1.0.0
2022-11-05 09:03:21,031 [INFO] ThirdParty:967 - CMSIS Pack Vendor :wolfSSL I-CUBE-wolfSSL 5.5.0
2022-11-05 09:03:21,031 [INFO] ThirdParty:967 - CMSIS Pack Vendor :STMicroelectronics HAL Drivers 0.0.0
2022-11-05 09:03:21,031 [INFO] ThirdParty:967 - CMSIS Pack Vendor :STMicroelectronics MBEDTLS 2.16.2
2022-11-05 09:03:21,032 [INFO] ThirdParty:967 - CMSIS Pack Vendor :emotas I-CUBE-CANOPEN 1.1.2
2022-11-05 09:03:21,032 [INFO] ThirdParty:967 - CMSIS Pack Vendor :STMicroelectronics X-CUBE-TOUCHGFX 4.20.0
2022-11-05 09:03:21,032 [INFO] ThirdParty:967 - CMSIS Pack Vendor :STMicroelectronics MBEDTLS 2.14.1
2022-11-05 09:03:21,032 [INFO] ThirdParty:967 - CMSIS Pack Vendor :STMicroelectronics X-CUBE-NFC7 1.0.0
2022-11-05 09:03:21,032 [INFO] ThirdParty:967 - CMSIS Pack Vendor :STMicroelectronics X-CUBE-AZRTOS-WL 1.0.0
2022-11-05 09:03:21,032 [INFO] ThirdParty:967 - CMSIS Pack Vendor :STMicroelectronics X-CUBE-MEMS1 9.3.0
2022-11-05 09:03:21,032 [INFO] ThirdParty:967 - CMSIS Pack Vendor :portGmbH I-Cube-SoM-uGOAL 1.1.0
2022-11-05 09:03:21,032 [INFO] ThirdParty:967 - CMSIS Pack Vendor :STMicroelectronics X-CUBE-ALS 1.0.1
2022-11-05 09:03:21,032 [INFO] ThirdParty:967 - CMSIS Pack Vendor :STMicroelectronics X-CUBE-AI 7.2.0
2022-11-05 09:03:21,033 [INFO] ThirdParty:967 - CMSIS Pack Vendor :STMicroelectronics X-CUBE-AZRTOS-L5 1.0.0
2022-11-05 09:03:21,033 [INFO] ThirdParty:967 - CMSIS Pack Vendor :STMicroelectronics USB_DEVICE 1.0.0
2022-11-05 09:03:21,033 [INFO] ThirdParty:967 - CMSIS Pack Vendor :STMicroelectronics X-CUBE-EEPRMA1 3.1.1
2022-11-05 09:03:21,033 [INFO] ThirdParty:967 - CMSIS Pack Vendor :STMicroelectronics ThreadX 0.0.2
2022-11-05 09:03:21,033 [INFO] ThirdParty:967 - CMSIS Pack Vendor :STMicroelectronics lwIP 2.1.2
2022-11-05 09:03:21,033 [INFO] ThirdParty:967 - CMSIS Pack Vendor :STMicroelectronics X-CUBE-SFXS2LP1 4.0.0
2022-11-05 09:03:21,033 [INFO] ThirdParty:967 - CMSIS Pack Vendor :STMicroelectronics X-CUBE-BLE2 3.3.0
2022-11-05 09:03:21,033 [INFO] ThirdParty:967 - CMSIS Pack Vendor :STMicroelectronics X-CUBE-DISPLAY 2.2.0
2022-11-05 09:03:21,033 [INFO] ThirdParty:967 - CMSIS Pack Vendor :STMicroelectronics X-CUBE-TOF1 3.2.0
2022-11-05 09:03:21,034 [INFO] ThirdParty:967 - CMSIS Pack Vendor :STMicroelectronics PDM2PCM 3.2.0
2022-11-05 09:03:21,034 [INFO] ThirdParty:967 - CMSIS Pack Vendor :STMicroelectronics X-CUBE-ISPU 1.0.0
2022-11-05 09:03:21,034 [INFO] ThirdParty:787 - exiting critical section [change project]
2022-11-05 09:03:21,381 [INFO] PinOutPanel:1463 - setPackage(No Configuration,No Configuration)
2022-11-05 09:03:21,385 [INFO] PinOutPanel:1463 - setPackage(STM32F103C6Ux,UFQFPN48)
2022-11-05 09:03:21,980 [INFO] UtilMem:74 - Before build in PCC Used Memory: 248317208 Bytes (556793856)
2022-11-05 09:03:22,853 [INFO] UtilMem:74 - After build in PCC Used Memory: 326434072 Bytes (556793856)
2022-11-05 09:03:22,879 [INFO] IPUIPlugin:74 - create IPUIPlugin
2022-11-05 09:03:22,880 [INFO] IPUIPlugin:74 - create IPUIPlugin
2022-11-05 09:03:22,880 [INFO] IPUIPlugin:74 - create IPUIPlugin
2022-11-05 09:03:22,880 [INFO] IPUIPlugin:74 - create IPUIPlugin
2022-11-05 09:03:22,880 [INFO] IPUIPlugin:74 - create IPUIPlugin
2022-11-05 09:03:22,880 [INFO] IPUIPlugin:74 - create IPUIPlugin
2022-11-05 09:03:22,880 [INFO] IPUIPlugin:74 - create IPUIPlugin
2022-11-05 09:03:22,881 [INFO] IPUIPlugin:74 - create IPUIPlugin
2022-11-05 09:03:22,881 [INFO] IPUIPlugin:74 - create IPUIPlugin
2022-11-05 09:03:22,881 [INFO] IPUIPlugin:74 - create IPUIPlugin
2022-11-05 09:03:22,881 [INFO] IPUIPlugin:74 - create IPUIPlugin
2022-11-05 09:03:22,882 [INFO] IPUIPlugin:74 - create IPUIPlugin
2022-11-05 09:03:22,882 [INFO] IPUIPlugin:74 - create IPUIPlugin
2022-11-05 09:03:22,882 [INFO] IPUIPlugin:74 - create IPUIPlugin
2022-11-05 09:03:22,883 [INFO] IPUIPlugin:74 - create IPUIPlugin
2022-11-05 09:03:22,883 [INFO] IPUIPlugin:74 - create IPUIPlugin
2022-11-05 09:03:22,883 [INFO] IPUIPlugin:74 - create IPUIPlugin
2022-11-05 09:03:22,883 [INFO] IPUIPlugin:74 - create IPUIPlugin
2022-11-05 09:03:22,884 [INFO] IPUIPlugin:74 - create IPUIPlugin
2022-11-05 09:03:22,885 [INFO] IPUIPlugin:74 - create IPUIPlugin
2022-11-05 09:03:22,885 [INFO] IPUIPlugin:74 - create IPUIPlugin
2022-11-05 09:03:22,886 [INFO] IPUIPlugin:74 - create IPUIPlugin
2022-11-05 09:03:22,886 [INFO] IPUIPlugin:74 - create IPUIPlugin
2022-11-05 09:03:23,069 [INFO] OpenFileManager:333 - Restore cursor
2022-11-05 09:03:23,419 [INFO] UtilMem:74 - End SaveConfig() Used Memory: 391445784 Bytes (556793856)
2022-11-05 09:03:23,495 [INFO] UtilMem:74 - End SaveConfig() Used Memory: 403506456 Bytes (556793856)
2022-11-05 09:03:23,981 [INFO] BlockDiagram:2740 - set Specific Code input for plugin: NVIC
2022-11-05 09:03:23,981 [INFO] BlockDiagram:2740 - set Specific Code input for plugin: SYS
2022-11-05 09:03:23,981 [INFO] BlockDiagram:2740 - set Specific Code input for plugin: RCC
2022-11-05 09:03:23,983 [INFO] CodeGenerator:663 - code generatio: config db path: C:\ST\STM32CubeIDE_1.7.0\STM32CubeIDE\plugins\com.st.stm32cube.common.mx_6.3.0.202107141111\\db\
2022-11-05 09:03:24,305 [INFO] CodeEngine:239 - oldGeneratedFile, D:\LearningMaterial\Mirco-Processor\Project24h\mProcessor-Project24h\STM32\1852238-MidtermProject24h\MXTmpFiles\license.tmp_save
2022-11-05 09:03:24,800 [INFO] CodeEngine:257 - Generated code: D:\LearningMaterial\Mirco-Processor\Project24h\mProcessor-Project24h\STM32\1852238-MidtermProject24h\MXTmpFiles\license.tmp
2022-11-05 09:03:24,963 [INFO] CodeEngine:239 - oldGeneratedFile, D:\LearningMaterial\Mirco-Processor\Project24h\mProcessor-Project24h\STM32\1852238-MidtermProject24h\Core\Src\stm32f1xx_it.c_save
2022-11-05 09:03:25,123 [INFO] CodeEngine:257 - Generated code: D:\LearningMaterial\Mirco-Processor\Project24h\mProcessor-Project24h\STM32\1852238-MidtermProject24h\Core\Src\stm32f1xx_it.c
2022-11-05 09:03:25,129 [INFO] CodeEngine:239 - oldGeneratedFile, D:\LearningMaterial\Mirco-Processor\Project24h\mProcessor-Project24h\STM32\1852238-MidtermProject24h\Core\Inc\stm32f1xx_it.h_save
2022-11-05 09:03:25,213 [INFO] CodeEngine:257 - Generated code: D:\LearningMaterial\Mirco-Processor\Project24h\mProcessor-Project24h\STM32\1852238-MidtermProject24h\Core\Inc\stm32f1xx_it.h
2022-11-05 09:03:25,232 [INFO] CodeEngine:239 - oldGeneratedFile, D:\LearningMaterial\Mirco-Processor\Project24h\mProcessor-Project24h\STM32\1852238-MidtermProject24h\Core\Src\stm32f1xx_hal_msp.c_save
2022-11-05 09:03:25,483 [INFO] CodeEngine:257 - Generated code: D:\LearningMaterial\Mirco-Processor\Project24h\mProcessor-Project24h\STM32\1852238-MidtermProject24h\Core\Src\stm32f1xx_hal_msp.c
2022-11-05 09:03:25,489 [INFO] CodeEngine:239 - oldGeneratedFile, D:\LearningMaterial\Mirco-Processor\Project24h\mProcessor-Project24h\STM32\1852238-MidtermProject24h\MXTmpFiles\system.tmp_save
2022-11-05 09:03:25,561 [INFO] CodeEngine:257 - Generated code: D:\LearningMaterial\Mirco-Processor\Project24h\mProcessor-Project24h\STM32\1852238-MidtermProject24h\MXTmpFiles\system.tmp
2022-11-05 09:03:25,576 [INFO] CodeEngine:239 - oldGeneratedFile, D:\LearningMaterial\Mirco-Processor\Project24h\mProcessor-Project24h\STM32\1852238-MidtermProject24h\Core\Inc\stm32f1xx_hal_conf.h_save
2022-11-05 09:03:25,669 [INFO] CodeEngine:257 - Generated code: D:\LearningMaterial\Mirco-Processor\Project24h\mProcessor-Project24h\STM32\1852238-MidtermProject24h\Core\Inc\stm32f1xx_hal_conf.h
2022-11-05 09:03:25,724 [INFO] CodeEngine:239 - oldGeneratedFile, D:\LearningMaterial\Mirco-Processor\Project24h\mProcessor-Project24h\STM32\1852238-MidtermProject24h\Core\Inc\main.h_save
2022-11-05 09:03:25,817 [INFO] CodeEngine:257 - Generated code: D:\LearningMaterial\Mirco-Processor\Project24h\mProcessor-Project24h\STM32\1852238-MidtermProject24h\Core\Inc\main.h
2022-11-05 09:03:25,824 [INFO] CodeEngine:239 - oldGeneratedFile, D:\LearningMaterial\Mirco-Processor\Project24h\mProcessor-Project24h\STM32\1852238-MidtermProject24h\Core\Src\main.c_save
2022-11-05 09:03:25,944 [INFO] CodeEngine:257 - Generated code: D:\LearningMaterial\Mirco-Processor\Project24h\mProcessor-Project24h\STM32\1852238-MidtermProject24h\Core\Src\main.c
2022-11-05 09:03:27,411 [INFO] ProjectBuilder:2578 - Time for Copy HAL[1] : 382mS.
2022-11-05 09:03:27,424 [INFO] ProjectBuilder:3622 - Project Generator version: 3.14.1
2022-11-05 09:03:28,096 [INFO] ConfigFileManager:1271 - The Die is : DIE412
2022-11-05 09:03:28,144 [INFO] ApiDbMcu:468 - Load IP Config File for FATFS
2022-11-05 09:03:28,222 [INFO] ApiDbMcu:468 - Load IP Config File for FREERTOS
2022-11-05 09:03:28,252 [INFO] ApiDbMcu:468 - Load IP Config File for USB_DEVICE
2022-11-05 09:03:35,446 [INFO] ProjectBuilder:3789 - Time for Generating toolchain IDE Files: 8022mS.
2022-11-05 09:03:35,448 [INFO] ProjectBuilder:2457 - Time for Copy CMSIS : 1mS.
2022-11-05 09:03:35,451 [INFO] ProjectBuilder:2457 - Time for Copy CMSIS : 0mS.
2022-11-05 09:03:36,177 [INFO] McuFinderGlobals:52 - Set McuFinderConnectedMode to true
2022-11-05 09:03:36,181 [INFO] ApiDb:276 - Save user favorites file C:\Users\ASUS/.stm32cubeide/favorites.mcus.txt: 0 item(s)
2022-11-05 09:03:36,181 [INFO] ApiDb:280 - User favorites MCUs=[]
2022-11-05 09:15:40,635 [INFO] NvicIntPanel:96 - NVIC parent = com.st.microxplorer.plugins.ip.nvic.MultiNvicIntPanel[,0,0,0x0,invalid,layout=javax.swing.BoxLayout,alignmentX=0.0,alignmentY=0.0,border=,flags=9,maximumSize=,minimumSize=,preferredSize=]
2022-11-05 09:15:42,297 [INFO] NvicIntPanel:96 - NVIC parent = com.st.microxplorer.plugins.ip.nvic.MultiNvicIntPanel[,0,0,0x0,invalid,layout=javax.swing.BoxLayout,alignmentX=0.0,alignmentY=0.0,border=,flags=9,maximumSize=,minimumSize=,preferredSize=]
2022-11-05 09:16:03,580 [INFO] UtilMem:74 - End SaveConfig() Used Memory: 228748312 Bytes (692060160)
2022-11-05 09:16:05,100 [INFO] UtilMem:74 - End SaveConfig() Used Memory: 251439528 Bytes (692060160)
2022-11-05 09:16:09,200 [INFO] UtilMem:74 - End SaveConfig() Used Memory: 253739480 Bytes (692060160)
2022-11-05 09:16:09,714 [INFO] BlockDiagram:2740 - set Specific Code input for plugin: NVIC
2022-11-05 09:16:09,714 [INFO] BlockDiagram:2740 - set Specific Code input for plugin: SYS
2022-11-05 09:16:09,714 [INFO] BlockDiagram:2740 - set Specific Code input for plugin: GPIO
2022-11-05 09:16:09,714 [INFO] BlockDiagram:2740 - set Specific Code input for plugin: RCC
2022-11-05 09:16:09,714 [INFO] BlockDiagram:2740 - set Specific Code input for plugin: TIM1_8F1
2022-11-05 09:16:09,716 [INFO] CodeGenerator:663 - code generatio: config db path: C:\ST\STM32CubeIDE_1.7.0\STM32CubeIDE\plugins\com.st.stm32cube.common.mx_6.3.0.202107141111\\db\
2022-11-05 09:16:10,123 [INFO] CodeEngine:239 - oldGeneratedFile, D:\LearningMaterial\Mirco-Processor\Project24h\mProcessor-Project24h\STM32\1852238-MidtermProject24h\MXTmpFiles\license.tmp_save
2022-11-05 09:16:10,212 [INFO] CodeEngine:257 - Generated code: D:\LearningMaterial\Mirco-Processor\Project24h\mProcessor-Project24h\STM32\1852238-MidtermProject24h\MXTmpFiles\license.tmp
2022-11-05 09:16:10,256 [INFO] CodeEngine:239 - oldGeneratedFile, D:\LearningMaterial\Mirco-Processor\Project24h\mProcessor-Project24h\STM32\1852238-MidtermProject24h\MXTmpFiles\gpio.tmp_save
2022-11-05 09:16:10,349 [INFO] CodeEngine:257 - Generated code: D:\LearningMaterial\Mirco-Processor\Project24h\mProcessor-Project24h\STM32\1852238-MidtermProject24h\MXTmpFiles\gpio.tmp
2022-11-05 09:16:10,609 [INFO] CodeEngine:239 - oldGeneratedFile, D:\LearningMaterial\Mirco-Processor\Project24h\mProcessor-Project24h\STM32\1852238-MidtermProject24h\Core\Src\stm32f1xx_it.c_save
2022-11-05 09:16:10,935 [INFO] CodeEngine:257 - Generated code: D:\LearningMaterial\Mirco-Processor\Project24h\mProcessor-Project24h\STM32\1852238-MidtermProject24h\Core\Src\stm32f1xx_it.c
2022-11-05 09:16:10,954 [INFO] CodeEngine:239 - oldGeneratedFile, D:\LearningMaterial\Mirco-Processor\Project24h\mProcessor-Project24h\STM32\1852238-MidtermProject24h\Core\Inc\stm32f1xx_it.h_save
2022-11-05 09:16:11,248 [INFO] CodeEngine:257 - Generated code: D:\LearningMaterial\Mirco-Processor\Project24h\mProcessor-Project24h\STM32\1852238-MidtermProject24h\Core\Inc\stm32f1xx_it.h
2022-11-05 09:16:11,295 [INFO] CodeEngine:239 - oldGeneratedFile, D:\LearningMaterial\Mirco-Processor\Project24h\mProcessor-Project24h\STM32\1852238-MidtermProject24h\Core\Src\stm32f1xx_hal_msp.c_save
2022-11-05 09:16:11,523 [INFO] CodeEngine:257 - Generated code: D:\LearningMaterial\Mirco-Processor\Project24h\mProcessor-Project24h\STM32\1852238-MidtermProject24h\Core\Src\stm32f1xx_hal_msp.c
2022-11-05 09:16:11,535 [INFO] CodeEngine:239 - oldGeneratedFile, D:\LearningMaterial\Mirco-Processor\Project24h\mProcessor-Project24h\STM32\1852238-MidtermProject24h\MXTmpFiles\system.tmp_save
2022-11-05 09:16:11,723 [INFO] CodeEngine:257 - Generated code: D:\LearningMaterial\Mirco-Processor\Project24h\mProcessor-Project24h\STM32\1852238-MidtermProject24h\MXTmpFiles\system.tmp
2022-11-05 09:16:11,754 [INFO] CodeEngine:239 - oldGeneratedFile, D:\LearningMaterial\Mirco-Processor\Project24h\mProcessor-Project24h\STM32\1852238-MidtermProject24h\Core\Inc\stm32f1xx_hal_conf.h_save
2022-11-05 09:16:11,887 [INFO] CodeEngine:257 - Generated code: D:\LearningMaterial\Mirco-Processor\Project24h\mProcessor-Project24h\STM32\1852238-MidtermProject24h\Core\Inc\stm32f1xx_hal_conf.h
2022-11-05 09:16:11,906 [WARN] IPConfigManager:3148 - IP not found : TIM
2022-11-05 09:16:11,910 [WARN] CodeGenerator:3268 - IP not found : null
2022-11-05 09:16:11,931 [INFO] CodeEngine:239 - oldGeneratedFile, D:\LearningMaterial\Mirco-Processor\Project24h\mProcessor-Project24h\STM32\1852238-MidtermProject24h\Core\Inc\main.h_save
2022-11-05 09:16:12,170 [INFO] CodeEngine:257 - Generated code: D:\LearningMaterial\Mirco-Processor\Project24h\mProcessor-Project24h\STM32\1852238-MidtermProject24h\Core\Inc\main.h
2022-11-05 09:16:12,212 [INFO] CodeEngine:239 - oldGeneratedFile, D:\LearningMaterial\Mirco-Processor\Project24h\mProcessor-Project24h\STM32\1852238-MidtermProject24h\Core\Src\main.c_save
2022-11-05 09:16:12,769 [INFO] CodeEngine:257 - Generated code: D:\LearningMaterial\Mirco-Processor\Project24h\mProcessor-Project24h\STM32\1852238-MidtermProject24h\Core\Src\main.c
2022-11-05 09:16:14,581 [INFO] ProjectBuilder:2578 - Time for Copy HAL[1] : 494mS.
2022-11-05 09:16:14,591 [INFO] ProjectBuilder:3622 - Project Generator version: 3.14.1
2022-11-05 09:16:15,656 [INFO] ConfigFileManager:1271 - The Die is : DIE412
2022-11-05 09:16:18,627 [INFO] ProjectBuilder:3789 - Time for Generating toolchain IDE Files: 4036mS.
2022-11-05 09:16:18,629 [INFO] ProjectBuilder:2457 - Time for Copy CMSIS : 1mS.
2022-11-05 09:16:18,631 [INFO] ProjectBuilder:2457 - Time for Copy CMSIS : 0mS.
